<?xml version="1.0" encoding="UTF-8"?>
<!-- Generated by org.testng.reporters.JUnitReportReporter -->
<testsuite hostname="DESKTOP-OS617JJ" failures="0" tests="1" name="org.ait.demoqa.tests.BookStore.LoginPageTests" time="23.939" errors="0" timestamp="2023-10-12T12:42:33 CEST" skipped="0">
  <testcase classname="org.ait.demoqa.tests.BookStore.LoginPageTests" name="loginPositiveTest" time="23.939"/>
</testsuite> <!-- org.ait.demoqa.tests.BookStore.LoginPageTests -->
